2023-07-27 20:54:34,525:WARNING:
'cuml' is a soft dependency and not included in the pycaret installation. Please run: `pip install cuml` to install.
2023-07-27 20:54:34,525:WARNING:
'cuml' is a soft dependency and not included in the pycaret installation. Please run: `pip install cuml` to install.
2023-07-27 20:54:34,525:WARNING:
'cuml' is a soft dependency and not included in the pycaret installation. Please run: `pip install cuml` to install.
2023-07-27 20:54:34,525:WARNING:
'cuml' is a soft dependency and not included in the pycaret installation. Please run: `pip install cuml` to install.
2023-07-27 20:54:38,623:INFO:PyCaret ClusteringExperiment
2023-07-27 20:54:38,624:INFO:Logging name: cluster-default-name
2023-07-27 20:54:38,624:INFO:ML Usecase: MLUsecase.CLUSTERING
2023-07-27 20:54:38,625:INFO:version 3.0.4
2023-07-27 20:54:38,625:INFO:Initializing setup()
2023-07-27 20:54:38,625:INFO:self.USI: 0ace
2023-07-27 20:54:38,625:INFO:self._variable_keys: {'idx', 'memory', '_available_plots', 'pipeline', 'html_param', 'exp_id', 'gpu_param', 'log_plots_param', 'seed', 'n_jobs_param', 'gpu_n_jobs_param', 'logging_param', '_ml_usecase', 'data', 'X', 'exp_name_log', 'USI'}
2023-07-27 20:54:38,625:INFO:Checking environment
2023-07-27 20:54:38,625:INFO:python_version: 3.9.13
2023-07-27 20:54:38,625:INFO:python_build: ('tags/v3.9.13:6de2ca5', 'May 17 2022 16:36:42')
2023-07-27 20:54:38,625:INFO:machine: AMD64
2023-07-27 20:54:38,625:INFO:platform: Windows-10-10.0.19045-SP0
2023-07-27 20:54:38,628:INFO:Memory: svmem(total=17055166464, available=8718888960, percent=48.9, used=8336277504, free=8718888960)
2023-07-27 20:54:38,628:INFO:Physical Core: 4
2023-07-27 20:54:38,628:INFO:Logical Core: 8
2023-07-27 20:54:38,629:INFO:Checking libraries
2023-07-27 20:54:38,629:INFO:System:
2023-07-27 20:54:38,629:INFO:    python: 3.9.13 (tags/v3.9.13:6de2ca5, May 17 2022, 16:36:42) [MSC v.1929 64 bit (AMD64)]
2023-07-27 20:54:38,629:INFO:executable: c:\Users\faisa\.pyenv\pyenv-win\versions\3.9.13\python.exe
2023-07-27 20:54:38,629:INFO:   machine: Windows-10-10.0.19045-SP0
2023-07-27 20:54:38,629:INFO:PyCaret required dependencies:
2023-07-27 20:54:38,631:INFO:                 pip: 22.0.4
2023-07-27 20:54:38,631:INFO:          setuptools: 58.1.0
2023-07-27 20:54:38,631:INFO:             pycaret: 3.0.4
2023-07-27 20:54:38,631:INFO:             IPython: 8.13.1
2023-07-27 20:54:38,632:INFO:          ipywidgets: 8.0.7
2023-07-27 20:54:38,632:INFO:                tqdm: 4.65.0
2023-07-27 20:54:38,632:INFO:               numpy: 1.23.0
2023-07-27 20:54:38,632:INFO:              pandas: 1.5.3
2023-07-27 20:54:38,632:INFO:              jinja2: 3.1.2
2023-07-27 20:54:38,632:INFO:               scipy: 1.10.1
2023-07-27 20:54:38,632:INFO:              joblib: 1.2.0
2023-07-27 20:54:38,632:INFO:             sklearn: 1.2.2
2023-07-27 20:54:38,632:INFO:                pyod: 1.1.0
2023-07-27 20:54:38,632:INFO:            imblearn: 0.11.0
2023-07-27 20:54:38,632:INFO:   category_encoders: 2.6.1
2023-07-27 20:54:38,632:INFO:            lightgbm: 3.3.5
2023-07-27 20:54:38,632:INFO:               numba: 0.57.1
2023-07-27 20:54:38,632:INFO:            requests: 2.31.0
2023-07-27 20:54:38,632:INFO:          matplotlib: 3.7.1
2023-07-27 20:54:38,632:INFO:          scikitplot: 0.3.7
2023-07-27 20:54:38,632:INFO:         yellowbrick: 1.5
2023-07-27 20:54:38,632:INFO:              plotly: 5.15.0
2023-07-27 20:54:38,632:INFO:    plotly-resampler: Not installed
2023-07-27 20:54:38,633:INFO:             kaleido: 0.2.1
2023-07-27 20:54:38,633:INFO:           schemdraw: 0.15
2023-07-27 20:54:38,633:INFO:         statsmodels: 0.14.0
2023-07-27 20:54:38,633:INFO:              sktime: 0.20.0
2023-07-27 20:54:38,633:INFO:               tbats: 1.1.3
2023-07-27 20:54:38,633:INFO:            pmdarima: 2.0.3
2023-07-27 20:54:38,633:INFO:              psutil: 5.9.5
2023-07-27 20:54:38,633:INFO:          markupsafe: 2.1.3
2023-07-27 20:54:38,633:INFO:             pickle5: Not installed
2023-07-27 20:54:38,633:INFO:         cloudpickle: 2.2.1
2023-07-27 20:54:38,633:INFO:         deprecation: 2.1.0
2023-07-27 20:54:38,633:INFO:              xxhash: 3.2.0
2023-07-27 20:54:38,633:INFO:           wurlitzer: Not installed
2023-07-27 20:54:38,633:INFO:PyCaret optional dependencies:
2023-07-27 20:54:38,651:INFO:                shap: Not installed
2023-07-27 20:54:38,651:INFO:           interpret: Not installed
2023-07-27 20:54:38,651:INFO:                umap: Not installed
2023-07-27 20:54:38,651:INFO:    pandas_profiling: 4.3.1
2023-07-27 20:54:38,651:INFO:  explainerdashboard: Not installed
2023-07-27 20:54:38,651:INFO:             autoviz: Not installed
2023-07-27 20:54:38,651:INFO:           fairlearn: Not installed
2023-07-27 20:54:38,651:INFO:          deepchecks: Not installed
2023-07-27 20:54:38,651:INFO:             xgboost: Not installed
2023-07-27 20:54:38,651:INFO:            catboost: Not installed
2023-07-27 20:54:38,651:INFO:              kmodes: Not installed
2023-07-27 20:54:38,651:INFO:             mlxtend: 0.22.0
2023-07-27 20:54:38,651:INFO:       statsforecast: Not installed
2023-07-27 20:54:38,651:INFO:        tune_sklearn: Not installed
2023-07-27 20:54:38,651:INFO:                 ray: Not installed
2023-07-27 20:54:38,652:INFO:            hyperopt: Not installed
2023-07-27 20:54:38,652:INFO:              optuna: Not installed
2023-07-27 20:54:38,652:INFO:               skopt: Not installed
2023-07-27 20:54:38,652:INFO:              mlflow: Not installed
2023-07-27 20:54:38,652:INFO:              gradio: Not installed
2023-07-27 20:54:38,652:INFO:             fastapi: Not installed
2023-07-27 20:54:38,652:INFO:             uvicorn: Not installed
2023-07-27 20:54:38,652:INFO:              m2cgen: Not installed
2023-07-27 20:54:38,652:INFO:           evidently: Not installed
2023-07-27 20:54:38,652:INFO:               fugue: Not installed
2023-07-27 20:54:38,652:INFO:           streamlit: Not installed
2023-07-27 20:54:38,652:INFO:             prophet: Not installed
2023-07-27 20:54:38,652:INFO:None
2023-07-27 20:54:38,652:INFO:Set up data.
2023-07-27 20:54:38,662:INFO:Set up index.
2023-07-27 20:54:38,662:INFO:Assigning column types.
2023-07-27 20:54:38,665:INFO:Engine successfully changes for model 'kmeans' to 'sklearn'.
2023-07-27 20:54:38,665:INFO:Engine for model 'dbscan' has not been set explicitly, hence returning None.
2023-07-27 20:54:38,666:WARNING:
'kmodes' is a soft dependency and not included in the pycaret installation. Please run: `pip install kmodes` to install.
Alternately, you can install this by running `pip install pycaret[models]`
2023-07-27 20:54:38,666:INFO:Engine for model 'dbscan' has not been set explicitly, hence returning None.
2023-07-27 20:54:38,666:WARNING:
'kmodes' is a soft dependency and not included in the pycaret installation. Please run: `pip install kmodes` to install.
Alternately, you can install this by running `pip install pycaret[models]`
2023-07-27 20:54:38,666:INFO:Engine successfully changes for model 'dbscan' to 'sklearn'.
2023-07-27 20:54:38,666:WARNING:
'kmodes' is a soft dependency and not included in the pycaret installation. Please run: `pip install kmodes` to install.
Alternately, you can install this by running `pip install pycaret[models]`
2023-07-27 20:54:38,666:WARNING:
'kmodes' is a soft dependency and not included in the pycaret installation. Please run: `pip install kmodes` to install.
Alternately, you can install this by running `pip install pycaret[models]`
2023-07-27 20:54:38,668:INFO:Preparing preprocessing pipeline...
2023-07-27 20:54:38,668:INFO:Set up simple imputation.
2023-07-27 20:54:38,671:INFO:Set up encoding of categorical features.
2023-07-27 20:54:38,853:INFO:Finished creating preprocessing pipeline.
2023-07-27 20:54:38,884:INFO:Pipeline: Pipeline(memory=FastMemory(location=C:\Users\faisa\AppData\Local\Temp\joblib),
         steps=[('numerical_imputer',
                 TransformerWrapper(include=['previous_cancellations',
                                             'booking_changes',
                                             'days_in_waiting_list',
                                             'required_car_parking_spaces',
                                             'total_of_special_requests'],
                                    transformer=SimpleImputer())),
                ('categorical_imputer',
                 TransformerWrapper(include=['market_se...
                                             'customer_type',
                                             'reserved_room_type'],
                                    transformer=SimpleImputer(strategy='most_frequent'))),
                ('onehot_encoding',
                 TransformerWrapper(include=['market_segment', 'deposit_type',
                                             'customer_type',
                                             'reserved_room_type'],
                                    transformer=OneHotEncoder(cols=['market_segment',
                                                                    'deposit_type',
                                                                    'customer_type',
                                                                    'reserved_room_type'],
                                                              handle_missing='return_nan',
                                                              use_cat_names=True)))])
2023-07-27 20:54:38,884:INFO:Creating final display dataframe.
2023-07-27 20:54:39,001:INFO:Setup _display_container:                  Description                 Value
0                 Session id                  4659
1        Original data shape            (10202, 9)
2     Transformed data shape           (10202, 30)
3           Numeric features                     5
4       Categorical features                     4
5                 Preprocess                  True
6            Imputation type                simple
7         Numeric imputation                  mean
8     Categorical imputation                  mode
9   Maximum one-hot encoding                    -1
10           Encoding method                  None
11                  CPU Jobs                    -1
12                   Use GPU                 False
13            Log Experiment                 False
14           Experiment Name  cluster-default-name
15                       USI                  0ace
2023-07-27 20:54:39,010:WARNING:
'kmodes' is a soft dependency and not included in the pycaret installation. Please run: `pip install kmodes` to install.
Alternately, you can install this by running `pip install pycaret[models]`
2023-07-27 20:54:39,010:WARNING:
'kmodes' is a soft dependency and not included in the pycaret installation. Please run: `pip install kmodes` to install.
Alternately, you can install this by running `pip install pycaret[models]`
2023-07-27 20:54:39,011:INFO:setup() successfully completed in 1.26s...............
2023-07-27 20:55:50,773:INFO:Initializing create_model()
2023-07-27 20:55:50,773:INFO:create_model(self=<pycaret.clustering.oop.ClusteringExperiment object at 0x000002418B962FA0>, estimator=dbscan, num_clusters=4, fraction=0.05, ground_truth=None, round=4, fit_kwargs=None, experiment_custom_tags=None, verbose=True, system=True, add_to_model_list=True, raise_num_clusters=False, display=None, kwargs={})
2023-07-27 20:55:50,774:INFO:Checking exceptions
2023-07-27 20:55:51,114:INFO:Importing untrained model
2023-07-27 20:55:51,120:INFO:Density-Based Spatial Clustering Imported successfully
2023-07-27 20:55:51,129:INFO:Fitting Model
2023-07-27 20:55:54,612:INFO:DBSCAN(n_jobs=-1)
2023-07-27 20:55:54,612:INFO:create_models() successfully completed......................................
2023-07-27 20:55:54,620:INFO:Uploading results into container
2023-07-27 20:55:54,626:INFO:Uploading model into container now
2023-07-27 20:55:54,638:INFO:_master_model_container: 1
2023-07-27 20:55:54,638:INFO:_display_container: 2
2023-07-27 20:55:54,638:INFO:DBSCAN(n_jobs=-1)
2023-07-27 20:55:54,638:INFO:create_model() successfully completed......................................
2023-07-27 20:56:33,262:INFO:Initializing create_model()
2023-07-27 20:56:33,262:INFO:create_model(self=<pycaret.clustering.oop.ClusteringExperiment object at 0x000002418B962FA0>, estimator=dbscan, num_clusters=4, fraction=0.05, ground_truth=None, round=4, fit_kwargs=None, experiment_custom_tags=None, verbose=True, system=True, add_to_model_list=True, raise_num_clusters=False, display=None, kwargs={'eps': 0.3})
2023-07-27 20:56:33,262:INFO:Checking exceptions
2023-07-27 20:56:33,320:INFO:Importing untrained model
2023-07-27 20:56:33,327:INFO:Density-Based Spatial Clustering Imported successfully
2023-07-27 20:56:33,337:INFO:Fitting Model
2023-07-27 20:56:36,426:INFO:DBSCAN(eps=0.3, n_jobs=-1)
2023-07-27 20:56:36,427:INFO:create_models() successfully completed......................................
2023-07-27 20:56:36,434:INFO:Uploading results into container
2023-07-27 20:56:36,438:INFO:Uploading model into container now
2023-07-27 20:56:36,449:INFO:_master_model_container: 2
2023-07-27 20:56:36,449:INFO:_display_container: 3
2023-07-27 20:56:36,450:INFO:DBSCAN(eps=0.3, n_jobs=-1)
2023-07-27 20:56:36,450:INFO:create_model() successfully completed......................................
2023-07-27 20:56:43,247:INFO:Initializing create_model()
2023-07-27 20:56:43,247:INFO:create_model(self=<pycaret.clustering.oop.ClusteringExperiment object at 0x000002418B962FA0>, estimator=dbscan, num_clusters=4, fraction=0.05, ground_truth=None, round=4, fit_kwargs=None, experiment_custom_tags=None, verbose=True, system=True, add_to_model_list=True, raise_num_clusters=False, display=None, kwargs={'eps': 0.5})
2023-07-27 20:56:43,248:INFO:Checking exceptions
2023-07-27 20:56:43,330:INFO:Importing untrained model
2023-07-27 20:56:43,339:INFO:Density-Based Spatial Clustering Imported successfully
2023-07-27 20:56:43,360:INFO:Fitting Model
2023-07-27 20:56:46,045:INFO:DBSCAN(n_jobs=-1)
2023-07-27 20:56:46,045:INFO:create_models() successfully completed......................................
2023-07-27 20:56:46,052:INFO:Uploading results into container
2023-07-27 20:56:46,057:INFO:Uploading model into container now
2023-07-27 20:56:46,066:INFO:_master_model_container: 3
2023-07-27 20:56:46,067:INFO:_display_container: 4
2023-07-27 20:56:46,067:INFO:DBSCAN(n_jobs=-1)
2023-07-27 20:56:46,068:INFO:create_model() successfully completed......................................
2023-07-27 20:56:49,553:INFO:Initializing create_model()
2023-07-27 20:56:49,553:INFO:create_model(self=<pycaret.clustering.oop.ClusteringExperiment object at 0x000002418B962FA0>, estimator=dbscan, num_clusters=4, fraction=0.05, ground_truth=None, round=4, fit_kwargs=None, experiment_custom_tags=None, verbose=True, system=True, add_to_model_list=True, raise_num_clusters=False, display=None, kwargs={'eps': 0.8})
2023-07-27 20:56:49,554:INFO:Checking exceptions
2023-07-27 20:56:49,633:INFO:Importing untrained model
2023-07-27 20:56:49,643:INFO:Density-Based Spatial Clustering Imported successfully
2023-07-27 20:56:49,654:INFO:Fitting Model
2023-07-27 20:56:52,838:INFO:DBSCAN(eps=0.8, n_jobs=-1)
2023-07-27 20:56:52,838:INFO:create_models() successfully completed......................................
2023-07-27 20:56:52,846:INFO:Uploading results into container
2023-07-27 20:56:52,850:INFO:Uploading model into container now
2023-07-27 20:56:52,858:INFO:_master_model_container: 4
2023-07-27 20:56:52,858:INFO:_display_container: 5
2023-07-27 20:56:52,858:INFO:DBSCAN(eps=0.8, n_jobs=-1)
2023-07-27 20:56:52,859:INFO:create_model() successfully completed......................................
2023-07-27 20:56:55,092:INFO:Initializing create_model()
2023-07-27 20:56:55,092:INFO:create_model(self=<pycaret.clustering.oop.ClusteringExperiment object at 0x000002418B962FA0>, estimator=dbscan, num_clusters=4, fraction=0.05, ground_truth=None, round=4, fit_kwargs=None, experiment_custom_tags=None, verbose=True, system=True, add_to_model_list=True, raise_num_clusters=False, display=None, kwargs={'eps': 0.2})
2023-07-27 20:56:55,092:INFO:Checking exceptions
2023-07-27 20:56:55,153:INFO:Importing untrained model
2023-07-27 20:56:55,161:INFO:Density-Based Spatial Clustering Imported successfully
2023-07-27 20:56:55,171:INFO:Fitting Model
2023-07-27 20:56:58,158:INFO:DBSCAN(eps=0.2, n_jobs=-1)
2023-07-27 20:56:58,158:INFO:create_models() successfully completed......................................
2023-07-27 20:56:58,170:INFO:Uploading results into container
2023-07-27 20:56:58,174:INFO:Uploading model into container now
2023-07-27 20:56:58,190:INFO:_master_model_container: 5
2023-07-27 20:56:58,190:INFO:_display_container: 6
2023-07-27 20:56:58,191:INFO:DBSCAN(eps=0.2, n_jobs=-1)
2023-07-27 20:56:58,192:INFO:create_model() successfully completed......................................
2023-07-27 20:57:16,822:INFO:Initializing create_model()
2023-07-27 20:57:16,822:INFO:create_model(self=<pycaret.clustering.oop.ClusteringExperiment object at 0x000002418B962FA0>, estimator=dbscan, num_clusters=62, fraction=0.05, ground_truth=None, round=4, fit_kwargs=None, experiment_custom_tags=None, verbose=True, system=True, add_to_model_list=True, raise_num_clusters=False, display=None, kwargs={'eps': 0.3})
2023-07-27 20:57:16,822:INFO:Checking exceptions
2023-07-27 20:57:16,883:INFO:Importing untrained model
2023-07-27 20:57:16,891:INFO:Density-Based Spatial Clustering Imported successfully
2023-07-27 20:57:16,903:INFO:Fitting Model
2023-07-27 20:57:19,901:INFO:DBSCAN(eps=0.3, n_jobs=-1)
2023-07-27 20:57:19,902:INFO:create_models() successfully completed......................................
2023-07-27 20:57:19,910:INFO:Uploading results into container
2023-07-27 20:57:19,917:INFO:Uploading model into container now
2023-07-27 20:57:19,926:INFO:_master_model_container: 6
2023-07-27 20:57:19,926:INFO:_display_container: 7
2023-07-27 20:57:19,927:INFO:DBSCAN(eps=0.3, n_jobs=-1)
2023-07-27 20:57:19,927:INFO:create_model() successfully completed......................................
2023-07-27 20:57:26,428:INFO:Initializing create_model()
2023-07-27 20:57:26,429:INFO:create_model(self=<pycaret.clustering.oop.ClusteringExperiment object at 0x000002418B962FA0>, estimator=dbscan, num_clusters=70, fraction=0.05, ground_truth=None, round=4, fit_kwargs=None, experiment_custom_tags=None, verbose=True, system=True, add_to_model_list=True, raise_num_clusters=False, display=None, kwargs={'eps': 0.3})
2023-07-27 20:57:26,429:INFO:Checking exceptions
2023-07-27 20:57:26,520:INFO:Importing untrained model
2023-07-27 20:57:26,527:INFO:Density-Based Spatial Clustering Imported successfully
2023-07-27 20:57:26,539:INFO:Fitting Model
2023-07-27 20:57:29,322:INFO:DBSCAN(eps=0.3, n_jobs=-1)
2023-07-27 20:57:29,322:INFO:create_models() successfully completed......................................
2023-07-27 20:57:29,328:INFO:Uploading results into container
2023-07-27 20:57:29,333:INFO:Uploading model into container now
2023-07-27 20:57:29,343:INFO:_master_model_container: 7
2023-07-27 20:57:29,344:INFO:_display_container: 8
2023-07-27 20:57:29,344:INFO:DBSCAN(eps=0.3, n_jobs=-1)
2023-07-27 20:57:29,345:INFO:create_model() successfully completed......................................
2023-07-27 20:57:32,982:INFO:Initializing create_model()
2023-07-27 20:57:32,982:INFO:create_model(self=<pycaret.clustering.oop.ClusteringExperiment object at 0x000002418B962FA0>, estimator=dbscan, num_clusters=80, fraction=0.05, ground_truth=None, round=4, fit_kwargs=None, experiment_custom_tags=None, verbose=True, system=True, add_to_model_list=True, raise_num_clusters=False, display=None, kwargs={'eps': 0.3})
2023-07-27 20:57:32,982:INFO:Checking exceptions
2023-07-27 20:57:33,094:INFO:Importing untrained model
2023-07-27 20:57:33,106:INFO:Density-Based Spatial Clustering Imported successfully
2023-07-27 20:57:33,120:INFO:Fitting Model
2023-07-27 20:57:36,010:INFO:DBSCAN(eps=0.3, n_jobs=-1)
2023-07-27 20:57:36,010:INFO:create_models() successfully completed......................................
2023-07-27 20:57:36,018:INFO:Uploading results into container
2023-07-27 20:57:36,022:INFO:Uploading model into container now
2023-07-27 20:57:36,031:INFO:_master_model_container: 8
2023-07-27 20:57:36,031:INFO:_display_container: 9
2023-07-27 20:57:36,032:INFO:DBSCAN(eps=0.3, n_jobs=-1)
2023-07-27 20:57:36,032:INFO:create_model() successfully completed......................................
2023-07-27 20:57:39,419:INFO:Initializing create_model()
2023-07-27 20:57:39,419:INFO:create_model(self=<pycaret.clustering.oop.ClusteringExperiment object at 0x000002418B962FA0>, estimator=dbscan, num_clusters=30, fraction=0.05, ground_truth=None, round=4, fit_kwargs=None, experiment_custom_tags=None, verbose=True, system=True, add_to_model_list=True, raise_num_clusters=False, display=None, kwargs={'eps': 0.3})
2023-07-27 20:57:39,420:INFO:Checking exceptions
2023-07-27 20:57:39,500:INFO:Importing untrained model
2023-07-27 20:57:39,513:INFO:Density-Based Spatial Clustering Imported successfully
2023-07-27 20:57:39,526:INFO:Fitting Model
2023-07-27 20:57:42,633:INFO:DBSCAN(eps=0.3, n_jobs=-1)
2023-07-27 20:57:42,633:INFO:create_models() successfully completed......................................
2023-07-27 20:57:42,640:INFO:Uploading results into container
2023-07-27 20:57:42,645:INFO:Uploading model into container now
2023-07-27 20:57:42,662:INFO:_master_model_container: 9
2023-07-27 20:57:42,663:INFO:_display_container: 10
2023-07-27 20:57:42,666:INFO:DBSCAN(eps=0.3, n_jobs=-1)
2023-07-27 20:57:42,666:INFO:create_model() successfully completed......................................
2023-07-27 20:57:54,321:INFO:Initializing create_model()
2023-07-27 20:57:54,321:INFO:create_model(self=<pycaret.clustering.oop.ClusteringExperiment object at 0x000002418B962FA0>, estimator=dbscan, num_clusters=30, fraction=0.05, ground_truth=None, round=4, fit_kwargs=None, experiment_custom_tags=None, verbose=True, system=True, add_to_model_list=True, raise_num_clusters=False, display=None, kwargs={'eps': 0.3})
2023-07-27 20:57:54,322:INFO:Checking exceptions
2023-07-27 20:57:54,400:INFO:Importing untrained model
2023-07-27 20:57:54,408:INFO:Density-Based Spatial Clustering Imported successfully
2023-07-27 20:57:54,418:INFO:Fitting Model
2023-07-27 20:57:57,602:INFO:DBSCAN(eps=0.3, n_jobs=-1)
2023-07-27 20:57:57,602:INFO:create_models() successfully completed......................................
2023-07-27 20:57:57,609:INFO:Uploading results into container
2023-07-27 20:57:57,615:INFO:Uploading model into container now
2023-07-27 20:57:57,636:INFO:_master_model_container: 10
2023-07-27 20:57:57,636:INFO:_display_container: 11
2023-07-27 20:57:57,637:INFO:DBSCAN(eps=0.3, n_jobs=-1)
2023-07-27 20:57:57,637:INFO:create_model() successfully completed......................................
2023-07-27 20:57:59,900:INFO:Initializing evaluate_model()
2023-07-27 20:57:59,900:INFO:evaluate_model(self=<pycaret.clustering.oop.ClusteringExperiment object at 0x000002418B962FA0>, estimator=DBSCAN(eps=0.3, n_jobs=-1), fold=None, fit_kwargs=None, plot_kwargs=None, feature_name=None, groups=None)
2023-07-27 20:58:00,016:INFO:Initializing plot_model()
2023-07-27 20:58:00,016:INFO:plot_model(plot=pipeline, fold=None, verbose=False, display=None, display_format=None, estimator=DBSCAN(eps=0.3, n_jobs=-1), feature_name=None, fit_kwargs={}, groups=None, label=False, plot_kwargs=None, save=False, scale=1, self=<pycaret.clustering.oop.ClusteringExperiment object at 0x000002418B962FA0>, system=True)
2023-07-27 20:58:00,016:INFO:Checking exceptions
2023-07-27 20:58:00,019:INFO:Preloading libraries
2023-07-27 20:58:00,020:INFO:Copying training dataset
2023-07-27 20:58:00,020:INFO:Plot type: pipeline
2023-07-27 20:58:00,711:INFO:Visual Rendered Successfully
2023-07-27 20:58:00,856:INFO:plot_model() successfully completed......................................
2023-07-27 20:58:04,634:INFO:Initializing plot_model()
2023-07-27 20:58:04,635:INFO:plot_model(plot=cluster, fold=None, verbose=False, display=None, display_format=None, estimator=DBSCAN(eps=0.3, n_jobs=-1), feature_name=None, fit_kwargs={}, groups=None, label=False, plot_kwargs=None, save=False, scale=1, self=<pycaret.clustering.oop.ClusteringExperiment object at 0x000002418B962FA0>, system=True)
2023-07-27 20:58:04,635:INFO:Checking exceptions
2023-07-27 20:58:04,637:INFO:Preloading libraries
2023-07-27 20:58:04,637:INFO:Copying training dataset
2023-07-27 20:58:04,638:INFO:Plot type: cluster
2023-07-27 20:58:04,638:INFO:SubProcess assign_model() called ==================================
2023-07-27 20:58:04,639:INFO:Initializing assign_model()
2023-07-27 20:58:04,639:INFO:assign_model(self=<pycaret.clustering.oop.ClusteringExperiment object at 0x000002418B962FA0>, model=DBSCAN(eps=0.3, n_jobs=-1), transformation=True, score=True, verbose=False)
2023-07-27 20:58:04,639:INFO:Checking exceptions
2023-07-27 20:58:04,639:INFO:Determining Trained Model
2023-07-27 20:58:04,639:INFO:Trained Model : Density-Based Spatial Clustering
2023-07-27 20:58:04,639:INFO:Copying data
2023-07-27 20:58:04,657:INFO:Transformation parameter set to True. Assigned clusters are attached on transformed dataset.
2023-07-27 20:58:04,661:INFO:(10202, 31)
2023-07-27 20:58:04,661:INFO:assign_model() successfully completed......................................
2023-07-27 20:58:04,662:INFO:SubProcess assign_model() end ==================================
2023-07-27 20:58:04,666:INFO:Fitting PCA()
2023-07-27 20:58:04,890:INFO:Sorting dataframe
2023-07-27 20:58:04,897:INFO:Rendering Visual
2023-07-27 20:58:24,154:INFO:Visual Rendered Successfully
2023-07-27 20:58:24,357:INFO:plot_model() successfully completed......................................
2023-07-27 20:58:44,917:INFO:PyCaret ClusteringExperiment
2023-07-27 20:58:44,918:INFO:Logging name: cluster-default-name
2023-07-27 20:58:44,918:INFO:ML Usecase: MLUsecase.CLUSTERING
2023-07-27 20:58:44,918:INFO:version 3.0.4
2023-07-27 20:58:44,918:INFO:Initializing setup()
2023-07-27 20:58:44,918:INFO:self.USI: f6fa
2023-07-27 20:58:44,918:INFO:self._variable_keys: {'idx', 'memory', '_available_plots', 'pipeline', 'html_param', 'exp_id', 'gpu_param', 'log_plots_param', 'seed', 'n_jobs_param', 'gpu_n_jobs_param', 'logging_param', '_ml_usecase', 'data', 'X', 'exp_name_log', 'USI'}
2023-07-27 20:58:44,919:INFO:Checking environment
2023-07-27 20:58:44,919:INFO:python_version: 3.9.13
2023-07-27 20:58:44,919:INFO:python_build: ('tags/v3.9.13:6de2ca5', 'May 17 2022 16:36:42')
2023-07-27 20:58:44,919:INFO:machine: AMD64
2023-07-27 20:58:44,919:INFO:platform: Windows-10-10.0.19045-SP0
2023-07-27 20:58:44,924:INFO:Memory: svmem(total=17055166464, available=8646545408, percent=49.3, used=8408621056, free=8646545408)
2023-07-27 20:58:44,924:INFO:Physical Core: 4
2023-07-27 20:58:44,924:INFO:Logical Core: 8
2023-07-27 20:58:44,924:INFO:Checking libraries
2023-07-27 20:58:44,925:INFO:System:
2023-07-27 20:58:44,925:INFO:    python: 3.9.13 (tags/v3.9.13:6de2ca5, May 17 2022, 16:36:42) [MSC v.1929 64 bit (AMD64)]
2023-07-27 20:58:44,925:INFO:executable: c:\Users\faisa\.pyenv\pyenv-win\versions\3.9.13\python.exe
2023-07-27 20:58:44,925:INFO:   machine: Windows-10-10.0.19045-SP0
2023-07-27 20:58:44,925:INFO:PyCaret required dependencies:
2023-07-27 20:58:44,925:INFO:                 pip: 22.0.4
2023-07-27 20:58:44,925:INFO:          setuptools: 58.1.0
2023-07-27 20:58:44,925:INFO:             pycaret: 3.0.4
2023-07-27 20:58:44,925:INFO:             IPython: 8.13.1
2023-07-27 20:58:44,925:INFO:          ipywidgets: 8.0.7
2023-07-27 20:58:44,925:INFO:                tqdm: 4.65.0
2023-07-27 20:58:44,925:INFO:               numpy: 1.23.0
2023-07-27 20:58:44,926:INFO:              pandas: 1.5.3
2023-07-27 20:58:44,926:INFO:              jinja2: 3.1.2
2023-07-27 20:58:44,926:INFO:               scipy: 1.10.1
2023-07-27 20:58:44,926:INFO:              joblib: 1.2.0
2023-07-27 20:58:44,926:INFO:             sklearn: 1.2.2
2023-07-27 20:58:44,926:INFO:                pyod: 1.1.0
2023-07-27 20:58:44,926:INFO:            imblearn: 0.11.0
2023-07-27 20:58:44,926:INFO:   category_encoders: 2.6.1
2023-07-27 20:58:44,926:INFO:            lightgbm: 3.3.5
2023-07-27 20:58:44,926:INFO:               numba: 0.57.1
2023-07-27 20:58:44,927:INFO:            requests: 2.31.0
2023-07-27 20:58:44,927:INFO:          matplotlib: 3.7.1
2023-07-27 20:58:44,927:INFO:          scikitplot: 0.3.7
2023-07-27 20:58:44,927:INFO:         yellowbrick: 1.5
2023-07-27 20:58:44,927:INFO:              plotly: 5.15.0
2023-07-27 20:58:44,927:INFO:    plotly-resampler: Not installed
2023-07-27 20:58:44,927:INFO:             kaleido: 0.2.1
2023-07-27 20:58:44,927:INFO:           schemdraw: 0.15
2023-07-27 20:58:44,927:INFO:         statsmodels: 0.14.0
2023-07-27 20:58:44,927:INFO:              sktime: 0.20.0
2023-07-27 20:58:44,927:INFO:               tbats: 1.1.3
2023-07-27 20:58:44,927:INFO:            pmdarima: 2.0.3
2023-07-27 20:58:44,927:INFO:              psutil: 5.9.5
2023-07-27 20:58:44,928:INFO:          markupsafe: 2.1.3
2023-07-27 20:58:44,928:INFO:             pickle5: Not installed
2023-07-27 20:58:44,928:INFO:         cloudpickle: 2.2.1
2023-07-27 20:58:44,928:INFO:         deprecation: 2.1.0
2023-07-27 20:58:44,928:INFO:              xxhash: 3.2.0
2023-07-27 20:58:44,928:INFO:           wurlitzer: Not installed
2023-07-27 20:58:44,928:INFO:PyCaret optional dependencies:
2023-07-27 20:58:44,928:INFO:                shap: Not installed
2023-07-27 20:58:44,928:INFO:           interpret: Not installed
2023-07-27 20:58:44,928:INFO:                umap: Not installed
2023-07-27 20:58:44,928:INFO:    pandas_profiling: 4.3.1
2023-07-27 20:58:44,928:INFO:  explainerdashboard: Not installed
2023-07-27 20:58:44,928:INFO:             autoviz: Not installed
2023-07-27 20:58:44,929:INFO:           fairlearn: Not installed
2023-07-27 20:58:44,929:INFO:          deepchecks: Not installed
2023-07-27 20:58:44,929:INFO:             xgboost: Not installed
2023-07-27 20:58:44,929:INFO:            catboost: Not installed
2023-07-27 20:58:44,929:INFO:              kmodes: Not installed
2023-07-27 20:58:44,929:INFO:             mlxtend: 0.22.0
2023-07-27 20:58:44,929:INFO:       statsforecast: Not installed
2023-07-27 20:58:44,929:INFO:        tune_sklearn: Not installed
2023-07-27 20:58:44,929:INFO:                 ray: Not installed
2023-07-27 20:58:44,930:INFO:            hyperopt: Not installed
2023-07-27 20:58:44,930:INFO:              optuna: Not installed
2023-07-27 20:58:44,930:INFO:               skopt: Not installed
2023-07-27 20:58:44,930:INFO:              mlflow: Not installed
2023-07-27 20:58:44,930:INFO:              gradio: Not installed
2023-07-27 20:58:44,930:INFO:             fastapi: Not installed
2023-07-27 20:58:44,930:INFO:             uvicorn: Not installed
2023-07-27 20:58:44,930:INFO:              m2cgen: Not installed
2023-07-27 20:58:44,930:INFO:           evidently: Not installed
2023-07-27 20:58:44,931:INFO:               fugue: Not installed
2023-07-27 20:58:44,931:INFO:           streamlit: Not installed
2023-07-27 20:58:44,931:INFO:             prophet: Not installed
2023-07-27 20:58:44,931:INFO:None
2023-07-27 20:58:44,931:INFO:Set up data.
2023-07-27 20:58:44,953:INFO:Set up index.
2023-07-27 20:58:44,954:INFO:Assigning column types.
2023-07-27 20:58:44,958:INFO:Engine successfully changes for model 'kmeans' to 'sklearn'.
2023-07-27 20:58:44,959:INFO:Engine for model 'dbscan' has not been set explicitly, hence returning None.
2023-07-27 20:58:44,959:WARNING:
'kmodes' is a soft dependency and not included in the pycaret installation. Please run: `pip install kmodes` to install.
Alternately, you can install this by running `pip install pycaret[models]`
2023-07-27 20:58:44,959:INFO:Engine for model 'dbscan' has not been set explicitly, hence returning None.
2023-07-27 20:58:44,959:WARNING:
'kmodes' is a soft dependency and not included in the pycaret installation. Please run: `pip install kmodes` to install.
Alternately, you can install this by running `pip install pycaret[models]`
2023-07-27 20:58:44,959:INFO:Engine successfully changes for model 'dbscan' to 'sklearn'.
2023-07-27 20:58:44,960:WARNING:
'kmodes' is a soft dependency and not included in the pycaret installation. Please run: `pip install kmodes` to install.
Alternately, you can install this by running `pip install pycaret[models]`
2023-07-27 20:58:44,960:WARNING:
'kmodes' is a soft dependency and not included in the pycaret installation. Please run: `pip install kmodes` to install.
Alternately, you can install this by running `pip install pycaret[models]`
2023-07-27 20:58:44,962:INFO:Preparing preprocessing pipeline...
2023-07-27 20:58:44,962:INFO:Set up simple imputation.
2023-07-27 20:58:44,965:INFO:Set up encoding of categorical features.
2023-07-27 20:58:44,966:INFO:Set up feature normalization.
2023-07-27 20:58:45,048:INFO:Finished creating preprocessing pipeline.
2023-07-27 20:58:45,056:INFO:Pipeline: Pipeline(memory=FastMemory(location=C:\Users\faisa\AppData\Local\Temp\joblib),
         steps=[('numerical_imputer',
                 TransformerWrapper(include=['previous_cancellations',
                                             'booking_changes',
                                             'days_in_waiting_list',
                                             'required_car_parking_spaces',
                                             'total_of_special_requests'],
                                    transformer=SimpleImputer())),
                ('categorical_imputer',
                 TransformerWrapper(include=['market_se...
                                    transformer=SimpleImputer(strategy='most_frequent'))),
                ('onehot_encoding',
                 TransformerWrapper(include=['market_segment', 'deposit_type',
                                             'customer_type',
                                             'reserved_room_type'],
                                    transformer=OneHotEncoder(cols=['market_segment',
                                                                    'deposit_type',
                                                                    'customer_type',
                                                                    'reserved_room_type'],
                                                              handle_missing='return_nan',
                                                              use_cat_names=True))),
                ('normalize',
                 TransformerWrapper(transformer=StandardScaler()))])
2023-07-27 20:58:45,056:INFO:Creating final display dataframe.
2023-07-27 20:58:45,124:INFO:Setup _display_container:                  Description                 Value
0                 Session id                  1156
1        Original data shape            (10202, 9)
2     Transformed data shape           (10202, 30)
3           Numeric features                     5
4       Categorical features                     4
5                 Preprocess                  True
6            Imputation type                simple
7         Numeric imputation                  mean
8     Categorical imputation                  mode
9   Maximum one-hot encoding                    -1
10           Encoding method                  None
11                 Normalize                  True
12          Normalize method                zscore
13                  CPU Jobs                    -1
14                   Use GPU                 False
15            Log Experiment                 False
16           Experiment Name  cluster-default-name
17                       USI                  f6fa
2023-07-27 20:58:45,133:WARNING:
'kmodes' is a soft dependency and not included in the pycaret installation. Please run: `pip install kmodes` to install.
Alternately, you can install this by running `pip install pycaret[models]`
2023-07-27 20:58:45,134:WARNING:
'kmodes' is a soft dependency and not included in the pycaret installation. Please run: `pip install kmodes` to install.
Alternately, you can install this by running `pip install pycaret[models]`
2023-07-27 20:58:45,136:INFO:setup() successfully completed in 1.0s...............
2023-07-27 20:58:59,940:INFO:Initializing create_model()
2023-07-27 20:58:59,941:INFO:create_model(self=<pycaret.clustering.oop.ClusteringExperiment object at 0x000002418D2D9700>, estimator=dbscan, num_clusters=30, fraction=0.05, ground_truth=None, round=4, fit_kwargs=None, experiment_custom_tags=None, verbose=True, system=True, add_to_model_list=True, raise_num_clusters=False, display=None, kwargs={'eps': 0.3})
2023-07-27 20:58:59,941:INFO:Checking exceptions
2023-07-27 20:59:00,239:INFO:Importing untrained model
2023-07-27 20:59:00,247:INFO:Density-Based Spatial Clustering Imported successfully
2023-07-27 20:59:00,258:INFO:Fitting Model
2023-07-27 20:59:03,342:INFO:DBSCAN(eps=0.3, n_jobs=-1)
2023-07-27 20:59:03,342:INFO:create_models() successfully completed......................................
2023-07-27 20:59:03,348:INFO:Uploading results into container
2023-07-27 20:59:03,352:INFO:Uploading model into container now
2023-07-27 20:59:03,362:INFO:_master_model_container: 1
2023-07-27 20:59:03,363:INFO:_display_container: 2
2023-07-27 20:59:03,363:INFO:DBSCAN(eps=0.3, n_jobs=-1)
2023-07-27 20:59:03,363:INFO:create_model() successfully completed......................................
2023-07-27 20:59:10,114:INFO:Initializing create_model()
2023-07-27 20:59:10,114:INFO:create_model(self=<pycaret.clustering.oop.ClusteringExperiment object at 0x000002418D2D9700>, estimator=dbscan, num_clusters=62, fraction=0.05, ground_truth=None, round=4, fit_kwargs=None, experiment_custom_tags=None, verbose=True, system=True, add_to_model_list=True, raise_num_clusters=False, display=None, kwargs={'eps': 0.3})
2023-07-27 20:59:10,114:INFO:Checking exceptions
2023-07-27 20:59:10,191:INFO:Importing untrained model
2023-07-27 20:59:10,200:INFO:Density-Based Spatial Clustering Imported successfully
2023-07-27 20:59:10,214:INFO:Fitting Model
2023-07-27 20:59:13,258:INFO:DBSCAN(eps=0.3, n_jobs=-1)
2023-07-27 20:59:13,258:INFO:create_models() successfully completed......................................
2023-07-27 20:59:13,266:INFO:Uploading results into container
2023-07-27 20:59:13,272:INFO:Uploading model into container now
2023-07-27 20:59:13,285:INFO:_master_model_container: 2
2023-07-27 20:59:13,286:INFO:_display_container: 3
2023-07-27 20:59:13,286:INFO:DBSCAN(eps=0.3, n_jobs=-1)
2023-07-27 20:59:13,286:INFO:create_model() successfully completed......................................
2023-07-27 20:59:14,586:INFO:Initializing plot_model()
2023-07-27 20:59:14,587:INFO:plot_model(plot=elbow, fold=None, verbose=False, display=None, display_format=None, estimator=DBSCAN(eps=0.3, n_jobs=-1), feature_name=None, fit_kwargs={}, groups=None, label=False, plot_kwargs=None, save=False, scale=1, self=<pycaret.clustering.oop.ClusteringExperiment object at 0x000002418B962FA0>, system=True)
2023-07-27 20:59:14,587:INFO:Checking exceptions
2023-07-27 20:59:14,589:INFO:Preloading libraries
2023-07-27 20:59:14,590:INFO:Copying training dataset
2023-07-27 20:59:14,590:INFO:Plot type: elbow
2023-07-27 20:59:14,833:INFO:Fitting Model
2023-07-27 20:59:14,834:ERROR:Elbow plot failed. Exception:
2023-07-27 20:59:14,882:ERROR:Traceback (most recent call last):
  File "C:\Users\faisa\AppData\Roaming\Python\Python39\site-packages\pycaret\internal\pycaret_experiment\tabular_experiment.py", line 1053, in elbow
    return show_yellowbrick_plot(
  File "C:\Users\faisa\AppData\Roaming\Python\Python39\site-packages\pycaret\internal\plots\yellowbrick.py", line 87, in show_yellowbrick_plot
    visualizer.fit(X_train, y_train, **fit_kwargs_and_kwargs)
  File "C:\Users\faisa\AppData\Roaming\Python\Python39\site-packages\yellowbrick\cluster\elbow.py", line 338, in fit
    self.estimator.set_params(n_clusters=k)
  File "c:\Users\faisa\.pyenv\pyenv-win\versions\3.9.13\lib\site-packages\sklearn\base.py", line 205, in set_params
    raise ValueError(
ValueError: Invalid parameter 'n_clusters' for estimator DBSCAN(eps=0.3, n_jobs=-1). Valid parameters are: ['algorithm', 'eps', 'leaf_size', 'metric', 'metric_params', 'min_samples', 'n_jobs', 'p'].

2023-07-27 20:59:18,290:INFO:Initializing plot_model()
2023-07-27 20:59:18,291:INFO:plot_model(plot=silhouette, fold=None, verbose=False, display=None, display_format=None, estimator=DBSCAN(eps=0.3, n_jobs=-1), feature_name=None, fit_kwargs={}, groups=None, label=False, plot_kwargs=None, save=False, scale=1, self=<pycaret.clustering.oop.ClusteringExperiment object at 0x000002418B962FA0>, system=True)
2023-07-27 20:59:18,291:INFO:Checking exceptions
2023-07-27 20:59:18,293:INFO:Preloading libraries
2023-07-27 20:59:18,294:INFO:Copying training dataset
2023-07-27 20:59:18,294:INFO:Plot type: silhouette
2023-07-27 20:59:18,310:INFO:Fitting Model
2023-07-27 20:59:18,310:ERROR:Silhouette plot failed. Exception:
2023-07-27 20:59:18,344:ERROR:Traceback (most recent call last):
  File "C:\Users\faisa\AppData\Roaming\Python\Python39\site-packages\pycaret\internal\pycaret_experiment\tabular_experiment.py", line 1079, in silhouette
    return show_yellowbrick_plot(
  File "C:\Users\faisa\AppData\Roaming\Python\Python39\site-packages\pycaret\internal\plots\yellowbrick.py", line 87, in show_yellowbrick_plot
    visualizer.fit(X_train, y_train, **fit_kwargs_and_kwargs)
  File "C:\Users\faisa\AppData\Roaming\Python\Python39\site-packages\yellowbrick\cluster\silhouette.py", line 142, in fit
    self.n_clusters_ = self.estimator.n_clusters
AttributeError: 'DBSCAN' object has no attribute 'n_clusters'

2023-07-27 20:59:20,365:INFO:Initializing plot_model()
2023-07-27 20:59:20,366:INFO:plot_model(plot=distance, fold=None, verbose=False, display=None, display_format=None, estimator=DBSCAN(eps=0.3, n_jobs=-1), feature_name=None, fit_kwargs={}, groups=None, label=False, plot_kwargs=None, save=False, scale=1, self=<pycaret.clustering.oop.ClusteringExperiment object at 0x000002418B962FA0>, system=True)
2023-07-27 20:59:20,366:INFO:Checking exceptions
2023-07-27 20:59:20,367:INFO:Preloading libraries
2023-07-27 20:59:20,368:INFO:Copying training dataset
2023-07-27 20:59:20,368:INFO:Plot type: distance
2023-07-27 20:59:20,412:INFO:Fitting Model
2023-07-27 20:59:20,412:ERROR:Distance plot failed. Exception:
2023-07-27 20:59:20,455:ERROR:Traceback (most recent call last):
  File "C:\Users\faisa\AppData\Roaming\Python\Python39\site-packages\yellowbrick\utils\wrapper.py", line 48, in __getattr__
    return getattr(self._wrapped, attr)
AttributeError: 'DBSCAN' object has no attribute 'cluster_centers_'

The above exception was the direct cause of the following exception:

Traceback (most recent call last):
  File "C:\Users\faisa\AppData\Roaming\Python\Python39\site-packages\pycaret\internal\pycaret_experiment\tabular_experiment.py", line 1102, in distance
    return show_yellowbrick_plot(
  File "C:\Users\faisa\AppData\Roaming\Python\Python39\site-packages\pycaret\internal\plots\yellowbrick.py", line 87, in show_yellowbrick_plot
    visualizer.fit(X_train, y_train, **fit_kwargs_and_kwargs)
  File "C:\Users\faisa\AppData\Roaming\Python\Python39\site-packages\yellowbrick\cluster\icdm.py", line 291, in fit
    C = self.cluster_centers_
  File "C:\Users\faisa\AppData\Roaming\Python\Python39\site-packages\yellowbrick\utils\wrapper.py", line 50, in __getattr__
    raise YellowbrickAttributeError(f"neither visualizer '{self.__class__.__name__}' nor wrapped estimator '{type(self._wrapped).__name__}' have attribute '{attr}'") from e
yellowbrick.exceptions.YellowbrickAttributeError: neither visualizer 'InterclusterDistance' nor wrapped estimator 'DBSCAN' have attribute 'cluster_centers_'

2023-07-27 20:59:21,960:INFO:Initializing plot_model()
2023-07-27 20:59:21,960:INFO:plot_model(plot=distribution, fold=None, verbose=False, display=None, display_format=None, estimator=DBSCAN(eps=0.3, n_jobs=-1), feature_name=None, fit_kwargs={}, groups=None, label=False, plot_kwargs=None, save=False, scale=1, self=<pycaret.clustering.oop.ClusteringExperiment object at 0x000002418B962FA0>, system=True)
2023-07-27 20:59:21,961:INFO:Checking exceptions
2023-07-27 20:59:21,963:INFO:Preloading libraries
2023-07-27 20:59:21,964:INFO:Copying training dataset
2023-07-27 20:59:21,965:INFO:Plot type: distribution
2023-07-27 20:59:21,965:INFO:SubProcess assign_model() called ==================================
2023-07-27 20:59:21,966:INFO:Initializing assign_model()
2023-07-27 20:59:21,966:INFO:assign_model(self=<pycaret.clustering.oop.ClusteringExperiment object at 0x000002418B962FA0>, model=DBSCAN(eps=0.3, n_jobs=-1), transformation=False, score=True, verbose=False)
2023-07-27 20:59:21,966:INFO:Checking exceptions
2023-07-27 20:59:21,966:INFO:Determining Trained Model
2023-07-27 20:59:21,966:INFO:Trained Model : Density-Based Spatial Clustering
2023-07-27 20:59:21,966:INFO:Copying data
2023-07-27 20:59:21,972:INFO:(10202, 10)
2023-07-27 20:59:21,972:INFO:assign_model() successfully completed......................................
2023-07-27 20:59:21,973:INFO:SubProcess assign_model() end ==================================
2023-07-27 20:59:21,973:INFO:Sorting dataframe
2023-07-27 20:59:22,000:INFO:Rendering Visual
2023-07-27 20:59:27,695:INFO:Visual Rendered Successfully
2023-07-27 20:59:27,842:INFO:plot_model() successfully completed......................................
2023-07-27 20:59:36,116:INFO:Initializing plot_model()
2023-07-27 20:59:36,116:INFO:plot_model(plot=elbow, fold=None, verbose=False, display=None, display_format=None, estimator=DBSCAN(eps=0.3, n_jobs=-1), feature_name=None, fit_kwargs={}, groups=None, label=False, plot_kwargs=None, save=False, scale=1, self=<pycaret.clustering.oop.ClusteringExperiment object at 0x000002418B962FA0>, system=True)
2023-07-27 20:59:36,117:INFO:Checking exceptions
2023-07-27 20:59:36,118:INFO:Preloading libraries
2023-07-27 20:59:36,119:INFO:Copying training dataset
2023-07-27 20:59:36,120:INFO:Plot type: elbow
2023-07-27 20:59:36,149:INFO:Fitting Model
2023-07-27 20:59:36,149:ERROR:Elbow plot failed. Exception:
2023-07-27 20:59:36,150:ERROR:Traceback (most recent call last):
  File "C:\Users\faisa\AppData\Roaming\Python\Python39\site-packages\pycaret\internal\pycaret_experiment\tabular_experiment.py", line 1053, in elbow
    return show_yellowbrick_plot(
  File "C:\Users\faisa\AppData\Roaming\Python\Python39\site-packages\pycaret\internal\plots\yellowbrick.py", line 87, in show_yellowbrick_plot
    visualizer.fit(X_train, y_train, **fit_kwargs_and_kwargs)
  File "C:\Users\faisa\AppData\Roaming\Python\Python39\site-packages\yellowbrick\cluster\elbow.py", line 338, in fit
    self.estimator.set_params(n_clusters=k)
  File "c:\Users\faisa\.pyenv\pyenv-win\versions\3.9.13\lib\site-packages\sklearn\base.py", line 205, in set_params
    raise ValueError(
ValueError: Invalid parameter 'n_clusters' for estimator DBSCAN(eps=0.3, n_jobs=-1). Valid parameters are: ['algorithm', 'eps', 'leaf_size', 'metric', 'metric_params', 'min_samples', 'n_jobs', 'p'].

2023-07-27 20:59:38,184:INFO:Initializing plot_model()
2023-07-27 20:59:38,185:INFO:plot_model(plot=silhouette, fold=None, verbose=False, display=None, display_format=None, estimator=DBSCAN(eps=0.3, n_jobs=-1), feature_name=None, fit_kwargs={}, groups=None, label=False, plot_kwargs=None, save=False, scale=1, self=<pycaret.clustering.oop.ClusteringExperiment object at 0x000002418B962FA0>, system=True)
2023-07-27 20:59:38,185:INFO:Checking exceptions
2023-07-27 20:59:38,187:INFO:Preloading libraries
2023-07-27 20:59:38,189:INFO:Copying training dataset
2023-07-27 20:59:38,189:INFO:Plot type: silhouette
2023-07-27 20:59:38,220:INFO:Fitting Model
2023-07-27 20:59:38,220:ERROR:Silhouette plot failed. Exception:
2023-07-27 20:59:38,221:ERROR:Traceback (most recent call last):
  File "C:\Users\faisa\AppData\Roaming\Python\Python39\site-packages\pycaret\internal\pycaret_experiment\tabular_experiment.py", line 1079, in silhouette
    return show_yellowbrick_plot(
  File "C:\Users\faisa\AppData\Roaming\Python\Python39\site-packages\pycaret\internal\plots\yellowbrick.py", line 87, in show_yellowbrick_plot
    visualizer.fit(X_train, y_train, **fit_kwargs_and_kwargs)
  File "C:\Users\faisa\AppData\Roaming\Python\Python39\site-packages\yellowbrick\cluster\silhouette.py", line 142, in fit
    self.n_clusters_ = self.estimator.n_clusters
AttributeError: 'DBSCAN' object has no attribute 'n_clusters'

2023-07-27 20:59:39,542:INFO:Initializing plot_model()
2023-07-27 20:59:39,542:INFO:plot_model(plot=tsne, fold=None, verbose=False, display=None, display_format=None, estimator=DBSCAN(eps=0.3, n_jobs=-1), feature_name=None, fit_kwargs={}, groups=None, label=False, plot_kwargs=None, save=False, scale=1, self=<pycaret.clustering.oop.ClusteringExperiment object at 0x000002418B962FA0>, system=True)
2023-07-27 20:59:39,542:INFO:Checking exceptions
2023-07-27 20:59:39,543:INFO:Preloading libraries
2023-07-27 20:59:39,544:INFO:Copying training dataset
2023-07-27 20:59:39,544:INFO:Plot type: tsne
2023-07-27 20:59:39,544:INFO:SubProcess assign_model() called ==================================
2023-07-27 20:59:39,545:INFO:Initializing assign_model()
2023-07-27 20:59:39,545:INFO:assign_model(self=<pycaret.clustering.oop.ClusteringExperiment object at 0x000002418B962FA0>, model=DBSCAN(eps=0.3, n_jobs=-1), transformation=True, score=False, verbose=False)
2023-07-27 20:59:39,545:INFO:Checking exceptions
2023-07-27 20:59:39,545:INFO:Determining Trained Model
2023-07-27 20:59:39,545:INFO:Trained Model : Density-Based Spatial Clustering
2023-07-27 20:59:39,545:INFO:Copying data
2023-07-27 20:59:39,565:INFO:Transformation parameter set to True. Assigned clusters are attached on transformed dataset.
2023-07-27 20:59:39,571:INFO:(10202, 31)
2023-07-27 20:59:39,571:INFO:assign_model() successfully completed......................................
2023-07-27 20:59:39,573:INFO:SubProcess assign_model() end ==================================
2023-07-27 20:59:39,575:INFO:Fitting TSNE()
2023-07-27 21:01:21,385:INFO:Initializing create_model()
2023-07-27 21:01:21,385:INFO:create_model(self=<pycaret.clustering.oop.ClusteringExperiment object at 0x000002418D2D9700>, estimator=dbscan, num_clusters=4, fraction=0.05, ground_truth=None, round=4, fit_kwargs=None, experiment_custom_tags=None, verbose=True, system=True, add_to_model_list=True, raise_num_clusters=False, display=None, kwargs={'eps': 0.3})
2023-07-27 21:01:21,386:INFO:Checking exceptions
2023-07-27 21:01:21,479:INFO:Importing untrained model
2023-07-27 21:01:21,488:INFO:Density-Based Spatial Clustering Imported successfully
2023-07-27 21:01:21,500:INFO:Fitting Model
2023-07-27 21:01:24,885:INFO:DBSCAN(eps=0.3, n_jobs=-1)
2023-07-27 21:01:24,885:INFO:create_models() successfully completed......................................
2023-07-27 21:01:24,893:INFO:Uploading results into container
2023-07-27 21:01:24,898:INFO:Uploading model into container now
2023-07-27 21:01:24,912:INFO:_master_model_container: 3
2023-07-27 21:01:24,913:INFO:_display_container: 4
2023-07-27 21:01:24,913:INFO:DBSCAN(eps=0.3, n_jobs=-1)
2023-07-27 21:01:24,913:INFO:create_model() successfully completed......................................
2023-07-27 21:01:26,057:INFO:Initializing plot_model()
2023-07-27 21:01:26,057:INFO:plot_model(plot=pipeline, fold=None, verbose=False, display=None, display_format=None, estimator=DBSCAN(eps=0.3, n_jobs=-1), feature_name=None, fit_kwargs={}, groups=None, label=False, plot_kwargs=None, save=False, scale=1, self=<pycaret.clustering.oop.ClusteringExperiment object at 0x000002418B962FA0>, system=True)
2023-07-27 21:01:26,057:INFO:Checking exceptions
2023-07-27 21:01:26,059:INFO:Preloading libraries
2023-07-27 21:01:26,060:INFO:Copying training dataset
2023-07-27 21:01:26,060:INFO:Plot type: pipeline
2023-07-27 21:01:26,193:INFO:Visual Rendered Successfully
2023-07-27 21:01:26,403:INFO:plot_model() successfully completed......................................
2023-07-27 21:01:30,501:INFO:Initializing plot_model()
2023-07-27 21:01:30,501:INFO:plot_model(plot=cluster, fold=None, verbose=False, display=None, display_format=None, estimator=DBSCAN(eps=0.3, n_jobs=-1), feature_name=None, fit_kwargs={}, groups=None, label=False, plot_kwargs=None, save=False, scale=1, self=<pycaret.clustering.oop.ClusteringExperiment object at 0x000002418B962FA0>, system=True)
2023-07-27 21:01:30,502:INFO:Checking exceptions
2023-07-27 21:01:30,503:INFO:Preloading libraries
2023-07-27 21:01:30,504:INFO:Copying training dataset
2023-07-27 21:01:30,505:INFO:Plot type: cluster
2023-07-27 21:01:30,505:INFO:SubProcess assign_model() called ==================================
2023-07-27 21:01:30,506:INFO:Initializing assign_model()
2023-07-27 21:01:30,506:INFO:assign_model(self=<pycaret.clustering.oop.ClusteringExperiment object at 0x000002418B962FA0>, model=DBSCAN(eps=0.3, n_jobs=-1), transformation=True, score=True, verbose=False)
2023-07-27 21:01:30,506:INFO:Checking exceptions
2023-07-27 21:01:30,506:INFO:Determining Trained Model
2023-07-27 21:01:30,507:INFO:Trained Model : Density-Based Spatial Clustering
2023-07-27 21:01:30,507:INFO:Copying data
2023-07-27 21:01:30,529:INFO:Transformation parameter set to True. Assigned clusters are attached on transformed dataset.
2023-07-27 21:01:30,534:INFO:(10202, 31)
2023-07-27 21:01:30,534:INFO:assign_model() successfully completed......................................
2023-07-27 21:01:30,535:INFO:SubProcess assign_model() end ==================================
2023-07-27 21:01:30,540:INFO:Fitting PCA()
2023-07-27 21:01:30,588:INFO:Sorting dataframe
2023-07-27 21:01:30,600:INFO:Rendering Visual
2023-07-27 21:01:33,401:INFO:Visual Rendered Successfully
2023-07-27 21:01:33,535:INFO:plot_model() successfully completed......................................
2023-07-27 21:01:48,587:INFO:Initializing create_model()
2023-07-27 21:01:48,587:INFO:create_model(self=<pycaret.clustering.oop.ClusteringExperiment object at 0x000002418D2D9700>, estimator=dbscan, num_clusters=4, fraction=0.05, ground_truth=None, round=4, fit_kwargs=None, experiment_custom_tags=None, verbose=True, system=True, add_to_model_list=True, raise_num_clusters=False, display=None, kwargs={'eps': 0.3})
2023-07-27 21:01:48,587:INFO:Checking exceptions
2023-07-27 21:01:48,646:INFO:Importing untrained model
2023-07-27 21:01:48,654:INFO:Density-Based Spatial Clustering Imported successfully
2023-07-27 21:01:48,664:INFO:Fitting Model
2023-07-27 21:01:51,508:INFO:DBSCAN(eps=0.3, n_jobs=-1)
2023-07-27 21:01:51,508:INFO:create_models() successfully completed......................................
2023-07-27 21:01:51,517:INFO:Uploading results into container
2023-07-27 21:01:51,522:INFO:Uploading model into container now
2023-07-27 21:01:51,534:INFO:_master_model_container: 4
2023-07-27 21:01:51,535:INFO:_display_container: 5
2023-07-27 21:01:51,536:INFO:DBSCAN(eps=0.3, n_jobs=-1)
2023-07-27 21:01:51,536:INFO:create_model() successfully completed......................................
2023-07-27 21:01:55,550:INFO:Initializing create_model()
2023-07-27 21:01:55,550:INFO:create_model(self=<pycaret.clustering.oop.ClusteringExperiment object at 0x000002418D2D9700>, estimator=dbscan, num_clusters=5, fraction=0.05, ground_truth=None, round=4, fit_kwargs=None, experiment_custom_tags=None, verbose=True, system=True, add_to_model_list=True, raise_num_clusters=False, display=None, kwargs={'eps': 0.3})
2023-07-27 21:01:55,550:INFO:Checking exceptions
2023-07-27 21:01:55,641:INFO:Importing untrained model
2023-07-27 21:01:55,653:INFO:Density-Based Spatial Clustering Imported successfully
2023-07-27 21:01:55,667:INFO:Fitting Model
2023-07-27 21:01:58,790:INFO:DBSCAN(eps=0.3, n_jobs=-1)
2023-07-27 21:01:58,790:INFO:create_models() successfully completed......................................
2023-07-27 21:01:58,798:INFO:Uploading results into container
2023-07-27 21:01:58,802:INFO:Uploading model into container now
2023-07-27 21:01:58,812:INFO:_master_model_container: 5
2023-07-27 21:01:58,813:INFO:_display_container: 6
2023-07-27 21:01:58,814:INFO:DBSCAN(eps=0.3, n_jobs=-1)
2023-07-27 21:01:58,814:INFO:create_model() successfully completed......................................
2023-07-27 21:02:02,943:INFO:Initializing create_model()
2023-07-27 21:02:02,943:INFO:create_model(self=<pycaret.clustering.oop.ClusteringExperiment object at 0x000002418D2D9700>, estimator=dbscan, num_clusters=10, fraction=0.05, ground_truth=None, round=4, fit_kwargs=None, experiment_custom_tags=None, verbose=True, system=True, add_to_model_list=True, raise_num_clusters=False, display=None, kwargs={'eps': 0.3})
2023-07-27 21:02:02,944:INFO:Checking exceptions
2023-07-27 21:02:03,068:INFO:Importing untrained model
2023-07-27 21:02:03,081:INFO:Density-Based Spatial Clustering Imported successfully
2023-07-27 21:02:03,099:INFO:Fitting Model
2023-07-27 21:02:06,366:INFO:DBSCAN(eps=0.3, n_jobs=-1)
2023-07-27 21:02:06,366:INFO:create_models() successfully completed......................................
2023-07-27 21:02:06,376:INFO:Uploading results into container
2023-07-27 21:02:06,382:INFO:Uploading model into container now
2023-07-27 21:02:06,395:INFO:_master_model_container: 6
2023-07-27 21:02:06,395:INFO:_display_container: 7
2023-07-27 21:02:06,396:INFO:DBSCAN(eps=0.3, n_jobs=-1)
2023-07-27 21:02:06,396:INFO:create_model() successfully completed......................................
2023-07-27 21:02:26,761:INFO:Initializing create_model()
2023-07-27 21:02:26,762:INFO:create_model(self=<pycaret.clustering.oop.ClusteringExperiment object at 0x000002418D2D9700>, estimator=dbscan, num_clusters=10, fraction=0.05, ground_truth=None, round=4, fit_kwargs=None, experiment_custom_tags=None, verbose=True, system=True, add_to_model_list=True, raise_num_clusters=False, display=None, kwargs={'eps': 0.6})
2023-07-27 21:02:26,762:INFO:Checking exceptions
2023-07-27 21:02:26,856:INFO:Importing untrained model
2023-07-27 21:02:26,868:INFO:Density-Based Spatial Clustering Imported successfully
2023-07-27 21:02:26,880:INFO:Fitting Model
2023-07-27 21:02:30,272:INFO:DBSCAN(eps=0.6, n_jobs=-1)
2023-07-27 21:02:30,272:INFO:create_models() successfully completed......................................
2023-07-27 21:02:30,282:INFO:Uploading results into container
2023-07-27 21:02:30,287:INFO:Uploading model into container now
2023-07-27 21:02:30,300:INFO:_master_model_container: 7
2023-07-27 21:02:30,300:INFO:_display_container: 8
2023-07-27 21:02:30,301:INFO:DBSCAN(eps=0.6, n_jobs=-1)
2023-07-27 21:02:30,301:INFO:create_model() successfully completed......................................
2023-07-27 21:02:36,184:INFO:Initializing create_model()
2023-07-27 21:02:36,184:INFO:create_model(self=<pycaret.clustering.oop.ClusteringExperiment object at 0x000002418D2D9700>, estimator=dbscan, num_clusters=10, fraction=0.05, ground_truth=None, round=4, fit_kwargs=None, experiment_custom_tags=None, verbose=True, system=True, add_to_model_list=True, raise_num_clusters=False, display=None, kwargs={'eps': 0.3})
2023-07-27 21:02:36,184:INFO:Checking exceptions
2023-07-27 21:02:36,254:INFO:Importing untrained model
2023-07-27 21:02:36,263:INFO:Density-Based Spatial Clustering Imported successfully
2023-07-27 21:02:36,275:INFO:Fitting Model
2023-07-27 21:02:39,144:INFO:DBSCAN(eps=0.3, n_jobs=-1)
2023-07-27 21:02:39,145:INFO:create_models() successfully completed......................................
2023-07-27 21:02:39,155:INFO:Uploading results into container
2023-07-27 21:02:39,163:INFO:Uploading model into container now
2023-07-27 21:02:39,180:INFO:_master_model_container: 8
2023-07-27 21:02:39,180:INFO:_display_container: 9
2023-07-27 21:02:39,181:INFO:DBSCAN(eps=0.3, n_jobs=-1)
2023-07-27 21:02:39,181:INFO:create_model() successfully completed......................................
2023-07-27 21:03:55,058:INFO:Initializing plot_model()
2023-07-27 21:03:55,058:INFO:plot_model(plot=tsne, fold=None, verbose=True, display=None, display_format=None, estimator=DBSCAN(eps=0.3, n_jobs=-1), feature_name=None, fit_kwargs=None, groups=None, label=False, plot_kwargs=None, save=False, scale=1, self=<pycaret.clustering.oop.ClusteringExperiment object at 0x000002418D2D9700>, system=True)
2023-07-27 21:03:55,058:INFO:Checking exceptions
2023-07-27 21:03:55,065:INFO:Preloading libraries
2023-07-27 21:03:55,066:INFO:Copying training dataset
2023-07-27 21:03:55,067:INFO:Plot type: tsne
2023-07-27 21:03:55,067:INFO:SubProcess assign_model() called ==================================
2023-07-27 21:03:55,068:INFO:Initializing assign_model()
2023-07-27 21:03:55,068:INFO:assign_model(self=<pycaret.clustering.oop.ClusteringExperiment object at 0x000002418D2D9700>, model=DBSCAN(eps=0.3, n_jobs=-1), transformation=True, score=False, verbose=False)
2023-07-27 21:03:55,068:INFO:Checking exceptions
2023-07-27 21:03:55,068:INFO:Determining Trained Model
2023-07-27 21:03:55,069:INFO:Trained Model : Density-Based Spatial Clustering
2023-07-27 21:03:55,069:INFO:Copying data
2023-07-27 21:03:55,108:INFO:Transformation parameter set to True. Assigned clusters are attached on transformed dataset.
2023-07-27 21:03:55,116:INFO:(10202, 31)
2023-07-27 21:03:55,116:INFO:assign_model() successfully completed......................................
2023-07-27 21:03:55,118:INFO:SubProcess assign_model() end ==================================
2023-07-27 21:03:55,121:INFO:Fitting TSNE()
2023-07-27 21:04:15,433:INFO:Initializing plot_model()
2023-07-27 21:04:15,434:INFO:plot_model(plot=elbow, fold=None, verbose=True, display=None, display_format=None, estimator=DBSCAN(eps=0.3, n_jobs=-1), feature_name=None, fit_kwargs=None, groups=None, label=False, plot_kwargs=None, save=False, scale=1, self=<pycaret.clustering.oop.ClusteringExperiment object at 0x000002418D2D9700>, system=True)
2023-07-27 21:04:15,434:INFO:Checking exceptions
2023-07-27 21:04:15,440:INFO:Preloading libraries
2023-07-27 21:04:15,442:INFO:Copying training dataset
2023-07-27 21:04:15,442:INFO:Plot type: elbow
2023-07-27 21:04:15,485:INFO:Fitting Model
2023-07-27 21:04:15,486:ERROR:Elbow plot failed. Exception:
2023-07-27 21:04:15,487:ERROR:Traceback (most recent call last):
  File "C:\Users\faisa\AppData\Roaming\Python\Python39\site-packages\pycaret\internal\pycaret_experiment\tabular_experiment.py", line 1053, in elbow
    return show_yellowbrick_plot(
  File "C:\Users\faisa\AppData\Roaming\Python\Python39\site-packages\pycaret\internal\plots\yellowbrick.py", line 87, in show_yellowbrick_plot
    visualizer.fit(X_train, y_train, **fit_kwargs_and_kwargs)
  File "C:\Users\faisa\AppData\Roaming\Python\Python39\site-packages\yellowbrick\cluster\elbow.py", line 338, in fit
    self.estimator.set_params(n_clusters=k)
  File "c:\Users\faisa\.pyenv\pyenv-win\versions\3.9.13\lib\site-packages\sklearn\base.py", line 205, in set_params
    raise ValueError(
ValueError: Invalid parameter 'n_clusters' for estimator DBSCAN(eps=0.3, n_jobs=-1). Valid parameters are: ['algorithm', 'eps', 'leaf_size', 'metric', 'metric_params', 'min_samples', 'n_jobs', 'p'].

2023-07-27 21:04:29,374:INFO:Initializing plot_model()
2023-07-27 21:04:29,374:INFO:plot_model(plot=cluster, fold=None, verbose=True, display=None, display_format=None, estimator=DBSCAN(eps=0.3, n_jobs=-1), feature_name=None, fit_kwargs=None, groups=None, label=False, plot_kwargs=None, save=False, scale=1, self=<pycaret.clustering.oop.ClusteringExperiment object at 0x000002418D2D9700>, system=True)
2023-07-27 21:04:29,374:INFO:Checking exceptions
2023-07-27 21:04:29,382:INFO:Preloading libraries
2023-07-27 21:04:29,384:INFO:Copying training dataset
2023-07-27 21:04:29,385:INFO:Plot type: cluster
2023-07-27 21:04:29,385:INFO:SubProcess assign_model() called ==================================
2023-07-27 21:04:29,385:INFO:Initializing assign_model()
2023-07-27 21:04:29,385:INFO:assign_model(self=<pycaret.clustering.oop.ClusteringExperiment object at 0x000002418D2D9700>, model=DBSCAN(eps=0.3, n_jobs=-1), transformation=True, score=True, verbose=False)
2023-07-27 21:04:29,386:INFO:Checking exceptions
2023-07-27 21:04:29,386:INFO:Determining Trained Model
2023-07-27 21:04:29,386:INFO:Trained Model : Density-Based Spatial Clustering
2023-07-27 21:04:29,386:INFO:Copying data
2023-07-27 21:04:29,422:INFO:Transformation parameter set to True. Assigned clusters are attached on transformed dataset.
2023-07-27 21:04:29,435:INFO:(10202, 31)
2023-07-27 21:04:29,435:INFO:assign_model() successfully completed......................................
2023-07-27 21:04:29,437:INFO:SubProcess assign_model() end ==================================
2023-07-27 21:04:29,445:INFO:Fitting PCA()
2023-07-27 21:04:29,513:INFO:Sorting dataframe
2023-07-27 21:04:29,528:INFO:Rendering Visual
2023-07-27 21:04:32,408:INFO:Visual Rendered Successfully
2023-07-27 21:04:32,585:INFO:plot_model() successfully completed......................................
2023-07-27 21:05:35,947:INFO:Initializing get_config()
2023-07-27 21:05:35,948:INFO:get_config(self=<pycaret.clustering.oop.ClusteringExperiment object at 0x000002418D2D9700>, variable=None)
2023-07-27 21:05:50,603:INFO:Initializing get_config()
2023-07-27 21:05:50,603:INFO:get_config(self=<pycaret.clustering.oop.ClusteringExperiment object at 0x000002418D2D9700>, variable=train_transformed)
2023-07-27 21:05:50,662:INFO:Variable: train returned as        market_segment_Offline TA/TO  market_segment_Online TA  \
0                          2.425684                 -0.969871   
1                         -0.412255                  1.031065   
2                         -0.412255                  1.031065   
3                         -0.412255                  1.031065   
4                         -0.412255                  1.031065   
...                             ...                       ...   
83515                     -0.412255                 -0.969871   
83543                     -0.412255                  1.031065   
83554                     -0.412255                 -0.969871   
83562                     -0.412255                  1.031065   
83565                      2.425684                 -0.969871   

       market_segment_Direct  market_segment_Groups  market_segment_Corporate  \
0                  -0.514602              -0.301092                 -0.233622   
1                  -0.514602              -0.301092                 -0.233622   
2                  -0.514602              -0.301092                 -0.233622   
3                  -0.514602              -0.301092                 -0.233622   
4                  -0.514602              -0.301092                 -0.233622   
...                      ...                    ...                       ...   
83515               1.943249              -0.301092                 -0.233622   
83543              -0.514602              -0.301092                 -0.233622   
83554              -0.514602               3.321244                 -0.233622   
83562              -0.514602              -0.301092                 -0.233622   
83565              -0.514602              -0.301092                 -0.233622   

       market_segment_Complementary  market_segment_Aviation  \
0                         -0.134395                 -0.08946   
1                         -0.134395                 -0.08946   
2                         -0.134395                 -0.08946   
3                         -0.134395                 -0.08946   
4                         -0.134395                 -0.08946   
...                             ...                      ...   
83515                     -0.134395                 -0.08946   
83543                     -0.134395                 -0.08946   
83554                     -0.134395                 -0.08946   
83562                     -0.134395                 -0.08946   
83565                     -0.134395                 -0.08946   

       market_segment_Undefined  previous_cancellations  booking_changes  ...  \
0                     -0.009901               -0.107789        -0.614804  ...   
1                     -0.009901               -0.107789        -0.614804  ...   
2                     -0.009901               -0.107789         0.158495  ...   
3                     -0.009901               -0.107789        -0.614804  ...   
4                     -0.009901               -0.107789         0.931795  ...   
...                         ...                     ...              ...  ...   
83515                 -0.009901               -0.107789         0.931795  ...   
83543                 -0.009901               -0.107789        -0.614804  ...   
83554                 -0.009901               -0.107789        -0.614804  ...   
83562                 -0.009901               -0.107789        -0.614804  ...   
83565                 -0.009901               -0.107789        -0.614804  ...   

       reserved_room_type_D  reserved_room_type_F  reserved_room_type_B  \
0                 -0.500245              -0.27556             -0.215809   
1                 -0.500245              -0.27556             -0.215809   
2                 -0.500245              -0.27556             -0.215809   
3                 -0.500245              -0.27556             -0.215809   
4                 -0.500245              -0.27556             -0.215809   
...                     ...                   ...                   ...   
83515             -0.500245              -0.27556             -0.215809   
83543             -0.500245              -0.27556             -0.215809   
83554             -0.500245              -0.27556             -0.215809   
83562             -0.500245              -0.27556              4.633720   
83565             -0.500245              -0.27556             -0.215809   

       reserved_room_type_G  reserved_room_type_C  reserved_room_type_H  \
0                 -0.239398             -0.185677             -0.138495   
1                 -0.239398             -0.185677             -0.138495   
2                 -0.239398             -0.185677             -0.138495   
3                 -0.239398             -0.185677             -0.138495   
4                 -0.239398             -0.185677             -0.138495   
...                     ...                   ...                   ...   
83515             -0.239398             -0.185677             -0.138495   
83543             -0.239398              5.385711             -0.138495   
83554             -0.239398             -0.185677             -0.138495   
83562             -0.239398             -0.185677             -0.138495   
83565             -0.239398             -0.185677             -0.138495   

       reserved_room_type_L  reserved_room_type_P  \
0                 -0.014003             -0.019805   
1                 -0.014003             -0.019805   
2                 -0.014003             -0.019805   
3                 -0.014003             -0.019805   
4                 -0.014003             -0.019805   
...                     ...                   ...   
83515             -0.014003             -0.019805   
83543             -0.014003             -0.019805   
83554             -0.014003             -0.019805   
83562             -0.014003             -0.019805   
83565             -0.014003             -0.019805   

       required_car_parking_spaces  total_of_special_requests  
0                        -0.424396                  -0.906789  
1                        -0.424396                   1.020114  
2                        -0.424396                   1.020114  
3                        -0.424396                   0.056662  
4                        -0.424396                   1.020114  
...                            ...                        ...  
83515                     2.115010                   0.056662  
83543                    -0.424396                   1.020114  
83554                    -0.424396                   0.056662  
83562                    -0.424396                  -0.906789  
83565                    -0.424396                   1.020114  

[10202 rows x 30 columns]
2023-07-27 21:05:50,662:INFO:get_config() successfully completed......................................
2023-07-27 21:06:08,212:INFO:Initializing get_config()
2023-07-27 21:06:08,212:INFO:get_config(self=<pycaret.clustering.oop.ClusteringExperiment object at 0x000002418D2D9700>, variable=None)
2023-07-27 21:06:53,271:INFO:Initializing assign_model()
2023-07-27 21:06:53,272:INFO:assign_model(self=<pycaret.clustering.oop.ClusteringExperiment object at 0x000002418D2D9700>, model=DBSCAN(eps=0.3, n_jobs=-1), transformation=False, score=True, verbose=True)
2023-07-27 21:06:53,273:INFO:Checking exceptions
2023-07-27 21:06:53,274:INFO:Determining Trained Model
2023-07-27 21:06:53,274:INFO:Trained Model : Density-Based Spatial Clustering
2023-07-27 21:06:53,274:INFO:Copying data
2023-07-27 21:06:53,288:INFO:(10202, 10)
2023-07-27 21:06:53,288:INFO:assign_model() successfully completed......................................
2023-07-27 21:07:24,872:INFO:Initializing assign_model()
2023-07-27 21:07:24,872:INFO:assign_model(self=<pycaret.clustering.oop.ClusteringExperiment object at 0x000002418D2D9700>, model=DBSCAN(eps=0.3, n_jobs=-1), transformation=False, score=True, verbose=True)
2023-07-27 21:07:24,873:INFO:Checking exceptions
2023-07-27 21:07:24,874:INFO:Determining Trained Model
2023-07-27 21:07:24,875:INFO:Trained Model : Density-Based Spatial Clustering
2023-07-27 21:07:24,875:INFO:Copying data
2023-07-27 21:07:24,888:INFO:(10202, 10)
2023-07-27 21:07:24,889:INFO:assign_model() successfully completed......................................
2023-07-27 21:07:36,968:INFO:Initializing assign_model()
2023-07-27 21:07:36,969:INFO:assign_model(self=<pycaret.clustering.oop.ClusteringExperiment object at 0x000002418D2D9700>, model=DBSCAN(eps=0.3, n_jobs=-1), transformation=False, score=True, verbose=True)
2023-07-27 21:07:36,969:INFO:Checking exceptions
2023-07-27 21:07:36,969:INFO:Determining Trained Model
2023-07-27 21:07:36,970:INFO:Trained Model : Density-Based Spatial Clustering
2023-07-27 21:07:36,970:INFO:Copying data
2023-07-27 21:07:36,985:INFO:(10202, 10)
2023-07-27 21:07:36,985:INFO:assign_model() successfully completed......................................
2023-07-27 21:08:09,904:INFO:Initializing assign_model()
2023-07-27 21:08:09,904:INFO:assign_model(self=<pycaret.clustering.oop.ClusteringExperiment object at 0x000002418D2D9700>, model=DBSCAN(eps=0.3, n_jobs=-1), transformation=False, score=True, verbose=True)
2023-07-27 21:08:09,904:INFO:Checking exceptions
2023-07-27 21:08:09,904:INFO:Determining Trained Model
2023-07-27 21:08:09,905:INFO:Trained Model : Density-Based Spatial Clustering
2023-07-27 21:08:09,905:INFO:Copying data
2023-07-27 21:08:09,912:INFO:(10202, 10)
2023-07-27 21:08:09,913:INFO:assign_model() successfully completed......................................
2023-07-27 21:08:21,773:INFO:Initializing assign_model()
2023-07-27 21:08:21,774:INFO:assign_model(self=<pycaret.clustering.oop.ClusteringExperiment object at 0x000002418D2D9700>, model=DBSCAN(eps=0.3, n_jobs=-1), transformation=False, score=True, verbose=True)
2023-07-27 21:08:21,774:INFO:Checking exceptions
2023-07-27 21:08:21,774:INFO:Determining Trained Model
2023-07-27 21:08:21,775:INFO:Trained Model : Density-Based Spatial Clustering
2023-07-27 21:08:21,775:INFO:Copying data
2023-07-27 21:08:21,785:INFO:(10202, 10)
2023-07-27 21:08:21,785:INFO:assign_model() successfully completed......................................
